{"/Users/user/React/03-gifs-app/src/GifsApp.tsx": {"path":"/Users/user/React/03-gifs-app/src/GifsApp.tsx","statementMap":{"0":{"start":{"line":7,"column":23},"end":{"line":35,"column":null}},"1":{"start":{"line":9,"column":66},"end":{"line":9,"column":null}},"2":{"start":{"line":11,"column":4},"end":{"line":32,"column":null}}},"fnMap":{"0":{"name":"(anonymous_0)","decl":{"start":{"line":7,"column":23},"end":{"line":7,"column":null}},"loc":{"start":{"line":7,"column":23},"end":{"line":35,"column":null}},"line":7}},"branchMap":{},"s":{"0":1,"1":1,"2":1},"f":{"0":1},"b":{},"meta":{"lastBranch":0,"lastFunction":1,"lastStatement":3,"seen":{"s:7:23:35:Infinity":0,"f:7:23:7:Infinity":0,"s:9:66:9:Infinity":1,"s:11:4:32:Infinity":2}}}
,"/Users/user/React/03-gifs-app/src/counter/components/MyCounterApp.tsx": {"path":"/Users/user/React/03-gifs-app/src/counter/components/MyCounterApp.tsx","statementMap":{"0":{"start":{"line":3,"column":28},"end":{"line":20,"column":null}},"1":{"start":{"line":5,"column":61},"end":{"line":5,"column":null}},"2":{"start":{"line":7,"column":4},"end":{"line":16,"column":null}}},"fnMap":{"0":{"name":"(anonymous_0)","decl":{"start":{"line":3,"column":28},"end":{"line":3,"column":null}},"loc":{"start":{"line":3,"column":28},"end":{"line":20,"column":null}},"line":3}},"branchMap":{},"s":{"0":2,"1":5,"2":5},"f":{"0":5},"b":{},"meta":{"lastBranch":0,"lastFunction":1,"lastStatement":3,"seen":{"s:3:28:20:Infinity":0,"f:3:28:3:Infinity":0,"s:5:61:5:Infinity":1,"s:7:4:16:Infinity":2}}}
,"/Users/user/React/03-gifs-app/src/counter/hooks/useCounter.tsx": {"path":"/Users/user/React/03-gifs-app/src/counter/hooks/useCounter.tsx","statementMap":{"0":{"start":{"line":3,"column":26},"end":{"line":26,"column":null}},"1":{"start":{"line":4,"column":31},"end":{"line":4,"column":null}},"2":{"start":{"line":6,"column":22},"end":{"line":8,"column":null}},"3":{"start":{"line":7,"column":8},"end":{"line":7,"column":null}},"4":{"start":{"line":10,"column":27},"end":{"line":12,"column":null}},"5":{"start":{"line":11,"column":8},"end":{"line":11,"column":null}},"6":{"start":{"line":11,"column":32},"end":{"line":11,"column":null}},"7":{"start":{"line":14,"column":24},"end":{"line":16,"column":null}},"8":{"start":{"line":15,"column":8},"end":{"line":15,"column":null}},"9":{"start":{"line":18,"column":4},"end":{"line":25,"column":null}}},"fnMap":{"0":{"name":"(anonymous_0)","decl":{"start":{"line":3,"column":26},"end":{"line":3,"column":27}},"loc":{"start":{"line":3,"column":52},"end":{"line":26,"column":null}},"line":3},"1":{"name":"(anonymous_1)","decl":{"start":{"line":6,"column":22},"end":{"line":6,"column":null}},"loc":{"start":{"line":6,"column":22},"end":{"line":8,"column":null}},"line":6},"2":{"name":"(anonymous_2)","decl":{"start":{"line":10,"column":27},"end":{"line":10,"column":null}},"loc":{"start":{"line":10,"column":27},"end":{"line":12,"column":null}},"line":10},"3":{"name":"(anonymous_3)","decl":{"start":{"line":11,"column":19},"end":{"line":11,"column":32}},"loc":{"start":{"line":11,"column":32},"end":{"line":11,"column":null}},"line":11},"4":{"name":"(anonymous_4)","decl":{"start":{"line":14,"column":24},"end":{"line":14,"column":null}},"loc":{"start":{"line":14,"column":24},"end":{"line":16,"column":null}},"line":14}},"branchMap":{"0":{"loc":{"start":{"line":3,"column":27},"end":{"line":3,"column":52}},"type":"default-arg","locations":[{"start":{"line":3,"column":50},"end":{"line":3,"column":52}}],"line":3}},"s":{"0":2,"1":13,"2":13,"3":4,"4":13,"5":1,"6":1,"7":13,"8":1,"9":13},"f":{"0":13,"1":4,"2":1,"3":1,"4":1},"b":{"0":[13]},"meta":{"lastBranch":1,"lastFunction":5,"lastStatement":10,"seen":{"s:3:26:26:Infinity":0,"f:3:26:3:27":0,"b:3:50:3:52":0,"s:4:31:4:Infinity":1,"s:6:22:8:Infinity":2,"f:6:22:6:Infinity":1,"s:7:8:7:Infinity":3,"s:10:27:12:Infinity":4,"f:10:27:10:Infinity":2,"s:11:8:11:Infinity":5,"f:11:19:11:32":3,"s:11:32:11:Infinity":6,"s:14:24:16:Infinity":7,"f:14:24:14:Infinity":4,"s:15:8:15:Infinity":8,"s:18:4:25:Infinity":9}}}
,"/Users/user/React/03-gifs-app/src/gifs/actions/get-gifs-by-query.action.ts": {"path":"/Users/user/React/03-gifs-app/src/gifs/actions/get-gifs-by-query.action.ts","statementMap":{"0":{"start":{"line":6,"column":30},"end":{"line":40,"column":null}},"1":{"start":{"line":8,"column":4},"end":{"line":10,"column":null}},"2":{"start":{"line":9,"column":8},"end":{"line":9,"column":null}},"3":{"start":{"line":12,"column":4},"end":{"line":35,"column":null}},"4":{"start":{"line":13,"column":25},"end":{"line":20,"column":null}},"5":{"start":{"line":24,"column":8},"end":{"line":31,"column":null}},"6":{"start":{"line":24,"column":48},"end":{"line":31,"column":null}},"7":{"start":{"line":33,"column":8},"end":{"line":33,"column":null}},"8":{"start":{"line":34,"column":8},"end":{"line":34,"column":null}}},"fnMap":{"0":{"name":"(anonymous_0)","decl":{"start":{"line":6,"column":30},"end":{"line":6,"column":37}},"loc":{"start":{"line":6,"column":37},"end":{"line":40,"column":null}},"line":6},"1":{"name":"(anonymous_1)","decl":{"start":{"line":24,"column":38},"end":{"line":24,"column":39}},"loc":{"start":{"line":24,"column":48},"end":{"line":31,"column":null}},"line":24}},"branchMap":{"0":{"loc":{"start":{"line":8,"column":4},"end":{"line":10,"column":null}},"type":"if","locations":[{"start":{"line":8,"column":4},"end":{"line":10,"column":null}},{"start":{},"end":{}}],"line":8}},"s":{"0":3,"1":6,"2":1,"3":5,"4":5,"5":4,"6":40,"7":1,"8":1},"f":{"0":6,"1":40},"b":{"0":[1,5]},"meta":{"lastBranch":1,"lastFunction":2,"lastStatement":9,"seen":{"s:6:30:40:Infinity":0,"f:6:30:6:37":0,"b:8:4:10:Infinity:undefined:undefined:undefined:undefined":0,"s:8:4:10:Infinity":1,"s:9:8:9:Infinity":2,"s:12:4:35:Infinity":3,"s:13:25:20:Infinity":4,"s:24:8:31:Infinity":5,"f:24:38:24:39":1,"s:24:48:31:Infinity":6,"s:33:8:33:Infinity":7,"s:34:8:34:Infinity":8}}}
,"/Users/user/React/03-gifs-app/src/gifs/api/giphy.api.ts": {"path":"/Users/user/React/03-gifs-app/src/gifs/api/giphy.api.ts","statementMap":{"0":{"start":{"line":3,"column":24},"end":{"line":9,"column":null}}},"fnMap":{},"branchMap":{},"s":{"0":4},"f":{},"b":{},"meta":{"lastBranch":0,"lastFunction":0,"lastStatement":1,"seen":{"s:3:24:9:Infinity":0}}}
,"/Users/user/React/03-gifs-app/src/gifs/components/GifList.tsx": {"path":"/Users/user/React/03-gifs-app/src/gifs/components/GifList.tsx","statementMap":{"0":{"start":{"line":8,"column":34},"end":{"line":24,"column":null}},"1":{"start":{"line":9,"column":4},"end":{"line":13,"column":38}},"2":{"start":{"line":12,"column":25},"end":{"line":13,"column":38}}},"fnMap":{"0":{"name":"(anonymous_0)","decl":{"start":{"line":8,"column":34},"end":{"line":8,"column":35}},"loc":{"start":{"line":8,"column":43},"end":{"line":24,"column":null}},"line":8},"1":{"name":"(anonymous_1)","decl":{"start":{"line":12,"column":25},"end":{"line":12,"column":null}},"loc":{"start":{"line":12,"column":25},"end":{"line":13,"column":38}},"line":12}},"branchMap":{},"s":{"0":1,"1":1,"2":0},"f":{"0":1,"1":0},"b":{},"meta":{"lastBranch":0,"lastFunction":2,"lastStatement":3,"seen":{"s:8:34:24:Infinity":0,"f:8:34:8:35":0,"s:9:4:13:38":1,"f:12:25:12:Infinity":1,"s:12:25:13:38":2}}}
,"/Users/user/React/03-gifs-app/src/gifs/components/PreviousSearches.tsx": {"path":"/Users/user/React/03-gifs-app/src/gifs/components/PreviousSearches.tsx","statementMap":{"0":{"start":{"line":9,"column":43},"end":{"line":24,"column":null}},"1":{"start":{"line":10,"column":4},"end":{"line":16,"column":null}},"2":{"start":{"line":15,"column":33},"end":{"line":16,"column":null}},"3":{"start":{"line":17,"column":43},"end":{"line":17,"column":null}}},"fnMap":{"0":{"name":"(anonymous_0)","decl":{"start":{"line":9,"column":43},"end":{"line":9,"column":44}},"loc":{"start":{"line":9,"column":72},"end":{"line":24,"column":null}},"line":9},"1":{"name":"(anonymous_1)","decl":{"start":{"line":15,"column":33},"end":{"line":15,"column":null}},"loc":{"start":{"line":15,"column":33},"end":{"line":16,"column":null}},"line":15},"2":{"name":"(anonymous_2)","decl":{"start":{"line":17,"column":37},"end":{"line":17,"column":43}},"loc":{"start":{"line":17,"column":43},"end":{"line":17,"column":null}},"line":17}},"branchMap":{},"s":{"0":1,"1":1,"2":0,"3":0},"f":{"0":1,"1":0,"2":0},"b":{},"meta":{"lastBranch":0,"lastFunction":3,"lastStatement":4,"seen":{"s:9:43:24:Infinity":0,"f:9:43:9:44":0,"s:10:4:16:Infinity":1,"f:15:33:15:Infinity":1,"s:15:33:16:Infinity":2,"f:17:37:17:43":2,"s:17:43:17:Infinity":3}}}
,"/Users/user/React/03-gifs-app/src/gifs/hooks/useGifs.tsx": {"path":"/Users/user/React/03-gifs-app/src/gifs/hooks/useGifs.tsx","statementMap":{"0":{"start":{"line":7,"column":23},"end":{"line":53,"column":null}},"1":{"start":{"line":9,"column":43},"end":{"line":9,"column":null}},"2":{"start":{"line":10,"column":25},"end":{"line":10,"column":null}},"3":{"start":{"line":12,"column":10},"end":{"line":12,"column":null}},"4":{"start":{"line":15,"column":30},"end":{"line":24,"column":null}},"5":{"start":{"line":16,"column":8},"end":{"line":19,"column":null}},"6":{"start":{"line":17,"column":12},"end":{"line":17,"column":null}},"7":{"start":{"line":18,"column":12},"end":{"line":18,"column":null}},"8":{"start":{"line":21,"column":23},"end":{"line":21,"column":null}},"9":{"start":{"line":22,"column":8},"end":{"line":22,"column":null}},"10":{"start":{"line":23,"column":8},"end":{"line":23,"column":null}},"11":{"start":{"line":26,"column":25},"end":{"line":44,"column":null}},"12":{"start":{"line":27,"column":8},"end":{"line":27,"column":null}},"13":{"start":{"line":29,"column":8},"end":{"line":29,"column":null}},"14":{"start":{"line":29,"column":31},"end":{"line":29,"column":null}},"15":{"start":{"line":31,"column":8},"end":{"line":31,"column":null}},"16":{"start":{"line":31,"column":43},"end":{"line":31,"column":null}},"17":{"start":{"line":33,"column":29},"end":{"line":33,"column":null}},"18":{"start":{"line":35,"column":8},"end":{"line":35,"column":null}},"19":{"start":{"line":37,"column":8},"end":{"line":37,"column":null}},"20":{"start":{"line":39,"column":23},"end":{"line":39,"column":null}},"21":{"start":{"line":40,"column":8},"end":{"line":40,"column":null}},"22":{"start":{"line":42,"column":8},"end":{"line":42,"column":null}},"23":{"start":{"line":43,"column":8},"end":{"line":43,"column":null}},"24":{"start":{"line":46,"column":4},"end":{"line":52,"column":null}}},"fnMap":{"0":{"name":"(anonymous_0)","decl":{"start":{"line":7,"column":23},"end":{"line":7,"column":null}},"loc":{"start":{"line":7,"column":23},"end":{"line":53,"column":null}},"line":7},"1":{"name":"(anonymous_1)","decl":{"start":{"line":15,"column":30},"end":{"line":15,"column":37}},"loc":{"start":{"line":15,"column":37},"end":{"line":24,"column":null}},"line":15},"2":{"name":"(anonymous_2)","decl":{"start":{"line":26,"column":25},"end":{"line":26,"column":32}},"loc":{"start":{"line":26,"column":32},"end":{"line":44,"column":null}},"line":26}},"branchMap":{"0":{"loc":{"start":{"line":16,"column":8},"end":{"line":19,"column":null}},"type":"if","locations":[{"start":{"line":16,"column":8},"end":{"line":19,"column":null}},{"start":{},"end":{}}],"line":16},"1":{"loc":{"start":{"line":29,"column":8},"end":{"line":29,"column":null}},"type":"if","locations":[{"start":{"line":29,"column":8},"end":{"line":29,"column":null}},{"start":{},"end":{}}],"line":29},"2":{"loc":{"start":{"line":31,"column":8},"end":{"line":31,"column":null}},"type":"if","locations":[{"start":{"line":31,"column":8},"end":{"line":31,"column":null}},{"start":{},"end":{}}],"line":31}},"s":{"0":2,"1":19,"2":19,"3":19,"4":19,"5":3,"6":1,"7":1,"8":2,"9":2,"10":2,"11":19,"12":10,"13":10,"14":0,"15":10,"16":0,"17":10,"18":10,"19":10,"20":10,"21":10,"22":10,"23":10,"24":19},"f":{"0":19,"1":3,"2":10},"b":{"0":[1,2],"1":[0,10],"2":[0,10]},"meta":{"lastBranch":3,"lastFunction":3,"lastStatement":25,"seen":{"s:7:23:53:Infinity":0,"f:7:23:7:Infinity":0,"s:9:43:9:Infinity":1,"s:10:25:10:Infinity":2,"s:12:10:12:Infinity":3,"s:15:30:24:Infinity":4,"f:15:30:15:37":1,"b:16:8:19:Infinity:undefined:undefined:undefined:undefined":0,"s:16:8:19:Infinity":5,"s:17:12:17:Infinity":6,"s:18:12:18:Infinity":7,"s:21:23:21:Infinity":8,"s:22:8:22:Infinity":9,"s:23:8:23:Infinity":10,"s:26:25:44:Infinity":11,"f:26:25:26:32":2,"s:27:8:27:Infinity":12,"b:29:8:29:Infinity:undefined:undefined:undefined:undefined":1,"s:29:8:29:Infinity":13,"s:29:31:29:Infinity":14,"b:31:8:31:Infinity:undefined:undefined:undefined:undefined":2,"s:31:8:31:Infinity":15,"s:31:43:31:Infinity":16,"s:33:29:33:Infinity":17,"s:35:8:35:Infinity":18,"s:37:8:37:Infinity":19,"s:39:23:39:Infinity":20,"s:40:8:40:Infinity":21,"s:42:8:42:Infinity":22,"s:43:8:43:Infinity":23,"s:46:4:52:Infinity":24}}}
,"/Users/user/React/03-gifs-app/src/shared/components/CustomHeader.tsx": {"path":"/Users/user/React/03-gifs-app/src/shared/components/CustomHeader.tsx","statementMap":{"0":{"start":{"line":6,"column":28},"end":{"line":13,"column":null}},"1":{"start":{"line":7,"column":4},"end":{"line":10,"column":null}}},"fnMap":{"0":{"name":"(anonymous_0)","decl":{"start":{"line":6,"column":28},"end":{"line":6,"column":29}},"loc":{"start":{"line":6,"column":56},"end":{"line":13,"column":null}},"line":6}},"branchMap":{"0":{"loc":{"start":{"line":10,"column":13},"end":{"line":10,"column":null}},"type":"binary-expr","locations":[{"start":{"line":10,"column":13},"end":{"line":10,"column":28}},{"start":{"line":10,"column":13},"end":{"line":10,"column":null}}],"line":10}},"s":{"0":2,"1":4},"f":{"0":4},"b":{"0":[4,2]},"meta":{"lastBranch":1,"lastFunction":1,"lastStatement":2,"seen":{"s:6:28:13:Infinity":0,"f:6:28:6:29":0,"s:7:4:10:Infinity":1,"b:10:13:10:28:10:13:10:Infinity":0}}}
,"/Users/user/React/03-gifs-app/src/shared/components/SearchBar.tsx": {"path":"/Users/user/React/03-gifs-app/src/shared/components/SearchBar.tsx","statementMap":{"0":{"start":{"line":9,"column":25},"end":{"line":51,"column":null}},"1":{"start":{"line":10,"column":27},"end":{"line":10,"column":null}},"2":{"start":{"line":12,"column":4},"end":{"line":23,"column":null}},"3":{"start":{"line":13,"column":26},"end":{"line":15,"column":null}},"4":{"start":{"line":14,"column":12},"end":{"line":14,"column":null}},"5":{"start":{"line":19,"column":8},"end":{"line":21,"column":null}},"6":{"start":{"line":20,"column":12},"end":{"line":20,"column":null}},"7":{"start":{"line":25,"column":25},"end":{"line":30,"column":null}},"8":{"start":{"line":26,"column":8},"end":{"line":28,"column":null}},"9":{"start":{"line":27,"column":12},"end":{"line":27,"column":null}},"10":{"start":{"line":32,"column":26},"end":{"line":36,"column":null}},"11":{"start":{"line":33,"column":8},"end":{"line":35,"column":null}},"12":{"start":{"line":34,"column":12},"end":{"line":34,"column":null}},"13":{"start":{"line":38,"column":4},"end":{"line":48,"column":null}},"14":{"start":{"line":44,"column":37},"end":{"line":44,"column":null}}},"fnMap":{"0":{"name":"(anonymous_0)","decl":{"start":{"line":9,"column":25},"end":{"line":9,"column":26}},"loc":{"start":{"line":9,"column":68},"end":{"line":51,"column":null}},"line":9},"1":{"name":"(anonymous_1)","decl":{"start":{"line":12,"column":14},"end":{"line":12,"column":null}},"loc":{"start":{"line":12,"column":14},"end":{"line":23,"column":7}},"line":12},"2":{"name":"(anonymous_2)","decl":{"start":{"line":13,"column":37},"end":{"line":13,"column":null}},"loc":{"start":{"line":13,"column":37},"end":{"line":15,"column":11}},"line":13},"3":{"name":"(anonymous_3)","decl":{"start":{"line":19,"column":15},"end":{"line":19,"column":null}},"loc":{"start":{"line":19,"column":15},"end":{"line":21,"column":null}},"line":19},"4":{"name":"(anonymous_4)","decl":{"start":{"line":25,"column":25},"end":{"line":25,"column":null}},"loc":{"start":{"line":25,"column":25},"end":{"line":30,"column":null}},"line":25},"5":{"name":"(anonymous_5)","decl":{"start":{"line":32,"column":26},"end":{"line":32,"column":27}},"loc":{"start":{"line":32,"column":27},"end":{"line":36,"column":null}},"line":32},"6":{"name":"(anonymous_6)","decl":{"start":{"line":44,"column":26},"end":{"line":44,"column":27}},"loc":{"start":{"line":44,"column":37},"end":{"line":44,"column":null}},"line":44}},"branchMap":{"0":{"loc":{"start":{"line":9,"column":28},"end":{"line":9,"column":50}},"type":"default-arg","locations":[{"start":{"line":9,"column":42},"end":{"line":9,"column":50}}],"line":9},"1":{"loc":{"start":{"line":26,"column":8},"end":{"line":28,"column":null}},"type":"if","locations":[{"start":{"line":26,"column":8},"end":{"line":28,"column":null}},{"start":{},"end":{}}],"line":26},"2":{"loc":{"start":{"line":33,"column":8},"end":{"line":35,"column":null}},"type":"if","locations":[{"start":{"line":33,"column":8},"end":{"line":35,"column":null}},{"start":{},"end":{}}],"line":33}},"s":{"0":2,"1":12,"2":12,"3":12,"4":2,"5":12,"6":12,"7":12,"8":1,"9":1,"10":12,"11":0,"12":0,"13":12,"14":6},"f":{"0":12,"1":12,"2":2,"3":12,"4":1,"5":0,"6":6},"b":{"0":[12],"1":[1,0],"2":[0,0]},"meta":{"lastBranch":3,"lastFunction":7,"lastStatement":15,"seen":{"s:9:25:51:Infinity":0,"f:9:25:9:26":0,"b:9:42:9:50":0,"s:10:27:10:Infinity":1,"s:12:4:23:Infinity":2,"f:12:14:12:Infinity":1,"s:13:26:15:Infinity":3,"f:13:37:13:Infinity":2,"s:14:12:14:Infinity":4,"s:19:8:21:Infinity":5,"f:19:15:19:Infinity":3,"s:20:12:20:Infinity":6,"s:25:25:30:Infinity":7,"f:25:25:25:Infinity":4,"b:26:8:28:Infinity:undefined:undefined:undefined:undefined":1,"s:26:8:28:Infinity":8,"s:27:12:27:Infinity":9,"s:32:26:36:Infinity":10,"f:32:26:32:27":5,"b:33:8:35:Infinity:undefined:undefined:undefined:undefined":2,"s:33:8:35:Infinity":11,"s:34:12:34:Infinity":12,"s:38:4:48:Infinity":13,"f:44:26:44:27":6,"s:44:37:44:Infinity":14}}}
,"/Users/user/React/03-gifs-app/tests/mocks/giphy.respnse.data.ts": {"path":"/Users/user/React/03-gifs-app/tests/mocks/giphy.respnse.data.ts","statementMap":{"0":{"start":{"line":1,"column":39},"end":{"line":2082,"column":null}}},"fnMap":{},"branchMap":{},"s":{"0":1},"f":{},"b":{},"meta":{"lastBranch":0,"lastFunction":0,"lastStatement":1,"seen":{"s:1:39:2082:Infinity":0}}}
}
